<?xml version="1.0" encoding="UTF-8"?>
<!-- Generated by org.testng.reporters.JUnitReportReporter -->
<testsuite skipped="0" hostname="CHN-LT-050" name="API_Test.Tests.GogoTest" tests="6" failures="0" timestamp="23 Aug 2019 18:04:48 GMT" time="14.406" errors="0">
  <testcase name="createUser" time="7.002" classname="API_Test.Tests.GogoTest"/>
  <testcase name="getUser" time="2.593" classname="API_Test.Tests.GogoTest"/>
  <testcase name="createExistingUser" time="1.851" classname="API_Test.Tests.GogoTest"/>
  <testcase name="createUserInvalidToken" time="0.858" classname="API_Test.Tests.GogoTest"/>
  <testcase name="createUserInvalidEmail" time="1.035" classname="API_Test.Tests.GogoTest"/>
  <testcase name="createUserNoEmail" time="1.067" classname="API_Test.Tests.GogoTest"/>
</testsuite> <!-- API_Test.Tests.GogoTest -->
